
=== Mon Sep  9 01:26:18 2024

Packages were changed.
Update Mode: updateDependencies

The following packages were updated:
  com.unity.analytics from version 3.6.11 to 3.6.12
  com.unity.collab-proxy from version 1.9.0 to 1.15.13
  com.unity.ide.rider from version 2.0.7 to 3.0.12
  com.unity.ide.visualstudio from version 2.0.11 to 2.0.14
  com.unity.ide.vscode from version 1.2.4 to 1.2.5
  com.unity.purchasing from version 3.2.2 to 4.1.3
  com.unity.test-framework from version 1.1.29 to 1.1.31
  com.unity.timeline from version 1.4.8 to 1.6.4

=== Wed Sep 11 04:54:11 2024

Packages were changed.
Update Mode: mergeDefaultDependencies

The following packages were added:
  com.unity.postprocessing@2.3.0

=== Wed Sep 11 04:56:14 2024

Packages were changed.
Update Mode: mergeDefaultDependencies

The following packages were updated:
  com.unity.postprocessing from version 2.3.0 to 3.2.1
